0 info it worked if it ends with ok
1 verbose cli [ '/home/pony/node-v4.4.2-linux-x64/bin/node',
1 verbose cli   '/home/pony/.npm-global/bin/npm',
1 verbose cli   'start' ]
2 info using npm@3.8.6
3 info using node@v4.4.2
4 verbose run-script [ 'prestart', 'start', 'poststart' ]
5 info lifecycle cashflow@1.0.0~prestart: cashflow@1.0.0
6 silly lifecycle cashflow@1.0.0~prestart: no script for prestart, continuing
7 info lifecycle cashflow@1.0.0~start: cashflow@1.0.0
8 verbose lifecycle cashflow@1.0.0~start: unsafe-perm in lifecycle true
9 verbose lifecycle cashflow@1.0.0~start: PATH: /home/pony/.npm-global/lib/node_modules/npm/bin/node-gyp-bin:/home/pony/cf/node_modules/.bin:/home/pony/node-v4.4.2-linux-x64/bin:/home/pony/.npm-global/bin:/home/pony/.rbenv/plugins/ruby-build/bin:/home/pony/.rbenv/shims:/home/pony/.rbenv/bin:/usr/local/heroku/bin:/home/pony/bin:/usr/local/sbin:/usr/local/bin:/usr/sbin:/usr/bin:/sbin:/bin:/usr/games:/usr/local/games:/home/pony/bin:/usr/lib/jvm/jdk1.8.0_77/bin:/home/pony/bin
10 verbose lifecycle cashflow@1.0.0~start: CWD: /home/pony/cf
11 silly lifecycle cashflow@1.0.0~start: Args: [ '-c',
11 silly lifecycle   'node node_modules/nodemon/bin/nodemon server/app & node node_modules/gulp/bin/gulp' ]
12 silly lifecycle cashflow@1.0.0~start: Returned: code: 1  signal: null
13 info lifecycle cashflow@1.0.0~start: Failed to exec start script
14 verbose stack Error: cashflow@1.0.0 start: `node node_modules/nodemon/bin/nodemon server/app & node node_modules/gulp/bin/gulp`
14 verbose stack Exit status 1
14 verbose stack     at EventEmitter.<anonymous> (/home/pony/.npm-global/lib/node_modules/npm/lib/utils/lifecycle.js:239:16)
14 verbose stack     at emitTwo (events.js:87:13)
14 verbose stack     at EventEmitter.emit (events.js:172:7)
14 verbose stack     at ChildProcess.<anonymous> (/home/pony/.npm-global/lib/node_modules/npm/lib/utils/spawn.js:24:14)
14 verbose stack     at emitTwo (events.js:87:13)
14 verbose stack     at ChildProcess.emit (events.js:172:7)
14 verbose stack     at maybeClose (internal/child_process.js:827:16)
14 verbose stack     at Process.ChildProcess._handle.onexit (internal/child_process.js:211:5)
15 verbose pkgid cashflow@1.0.0
16 verbose cwd /home/pony/cf
17 error Linux 3.13.0-74-generic
18 error argv "/home/pony/node-v4.4.2-linux-x64/bin/node" "/home/pony/.npm-global/bin/npm" "start"
19 error node v4.4.2
20 error npm  v3.8.6
21 error code ELIFECYCLE
22 error cashflow@1.0.0 start: `node node_modules/nodemon/bin/nodemon server/app & node node_modules/gulp/bin/gulp`
22 error Exit status 1
23 error Failed at the cashflow@1.0.0 start script 'node node_modules/nodemon/bin/nodemon server/app & node node_modules/gulp/bin/gulp'.
23 error Make sure you have the latest version of node.js and npm installed.
23 error If you do, this is most likely a problem with the cashflow package,
23 error not with npm itself.
23 error Tell the author that this fails on your system:
23 error     node node_modules/nodemon/bin/nodemon server/app & node node_modules/gulp/bin/gulp
23 error You can get information on how to open an issue for this project with:
23 error     npm bugs cashflow
23 error Or if that isn't available, you can get their info via:
23 error     npm owner ls cashflow
23 error There is likely additional logging output above.
24 verbose exit [ 1, true ]
